================================================================================
HPLinpack 2.1  --  High-Performance Linpack benchmark  --   October 26, 2012
Written by A. Petitet and R. Clint Whaley,  Innovative Computing Laboratory, UTK
Modified by Piotr Luszczek, Innovative Computing Laboratory, UTK
Modified by Julien Langou, University of Colorado Denver
================================================================================

An explanation of the input/output parameters follows:
T/V    : Wall time / encoded variant.
N      : The order of the coefficient matrix A.
NB     : The partitioning blocking factor.
P      : The number of process rows.
Q      : The number of process columns.
Time   : Time in seconds to solve the linear system.
Gflops : Rate of execution for solving the linear system.

The following parameter values will be used:

N      :    9216 
NB     :     768 
PMAP   : Row-major process mapping
P      :       1 
Q      :       1 
PFACT  :    Left 
NBMIN  :     256 
NDIV   :       3 
RFACT  :   Crout 
BCAST  :  1ringM 
DEPTH  :       1 
SWAP   : Mix (threshold = 64)
L1     : transposed form
U      : no-transposed form
EQUIL  : yes
ALIGN  : 8 double precision words

--------------------------------------------------------------------------------

- The matrix A is randomly generated for each test.
- The following scaled residual check will be computed:
      ||Ax-b||_oo / ( eps * ( || x ||_oo * || A ||_oo + || b ||_oo ) * N )
- The relative machine precision (eps) is taken to be               1.110223e-16
- Computational tests pass if scaled residuals are less than         53687091200.0

================================================================================
T/V                N    NB     P     Q               Time                 Gflops
--------------------------------------------------------------------------------
WR11C3L256        9216   768     1     1             683.41              7.638e-01
HPL_pdgesv() start time Mon Aug 22 19:46:37 2016

HPL_pdgesv() end time   Mon Aug 22 19:58:01 2016

--------------------------------------------------------------------------------
||Ax-b||_oo/(eps*(||A||_oo*||x||_oo+||b||_oo)*N)=              nan ...... FAILED
================================================================================

Finished      1 tests with the following results:
              0 tests completed and passed residual checks,
              1 tests completed and failed residual checks,
              0 tests skipped because of illegal input values.
--------------------------------------------------------------------------------

End of Tests.
================================================================================
